Started by user [8mha:////4OaAZWwgxEvLYja7E38eWQppF8zg49Ik+kqa96LV7+5DAAAAnB+LCAAAAAAAAP9b85aBtbiIQTGjNKU4P08vOT+vOD8nVc83PyU1x6OyILUoJzMv2y+/JJUBAhiZGBgqihhk0NSjKDWzXb3RdlLBUSYGJk8GtpzUvPSSDB8G5tKinBIGIZ+sxLJE/ZzEvHT94JKizLx0a6BxUmjGOUNodHsLgAyJEgYB/dLi1CL93Mz00tSc3Py8EgBBQjXqxQAAAA==[0mMIGUEL ANGEL MONT LUKACS
[Wed Nov 02 04:55:15 UTC 2022] Starting branch indexing...
[8mha:////4HQDUit/WzD2RJ2eIDXmDWvwBxMa/2sTurjYnkgl3G5lAAAAhB+LCAAAAAAAAP9b85aBtbiIwSa/KF0vKzUvOzOvODlTryCnNB3I0kvPLMkoTYpPKkrMS86IL84vLUpO1XPPLPEoTXLOzyvOz0n1yy9JZYAARiYGRi8GzpLM3NTiksTcgooiBqmM0pTi/Dy9ZIhiPayaGCoKgHSL2cZuHQDkKz6ejgAAAA==[0mConnecting to https://api.github.com using miguelmont/****** (github credentials)
Examining [8mha:////4GvLG0cr1pCohU7MAodx+Kqr11CyCRWg6Cz76wVk39ecAAAAtB+LCAAAAAAAAP9djLsNwjAURR9BMAAloqVM3CEESkUDUkTDBCaxbMPzR/ZzCGuwBjQMwTjsQBAdp7mnuefxhlEMMFOpic4WtbPRoSi2Vy8CanveOxKL8v4sb/6VQbaDMQorSVUwTAEJJtWJt5wht5IdKGgr112A6V9u89tvDH4MMoDO9zInWCoiH1eMSU0qHfuXYUbLJNA4S+zCqVaoI+Xc+9y4VouIjjcifAA9Woz8vQAAAA==[0mmiguelmont/watchlist-app-moviesloader

  Checking branches...

  Getting remote branches...

    Checking branch [8mha:////4GEMm2HgJS16cZRqwlQvP6+Q69kpGVCpV97LWGA+0ioFAAAAuR+LCAAAAAAAAP9djLsNwjAURR/hMwAlYoXEHQUoDTQgRTRMYJIn2+Cf7OcQ1mANaBiCcdiBIDpOc09zz+MN4xhgLlMTnS1qZ6PTWGyvHoNW9rx3hIvy/ixv/pVBtoOJRitIVjBMQRNMqxNvOdPcCnagoKxYdQFmf7nNb78x+DHIADrfy4hgLYl8XDImFMl07F+GGSUSauMssQunWmoVKefe58a1CqN2vMHAKCAyw5X9ANOaONjHAAAA[0mmain

  Getting remote pull requests...
      ‘Jenkinsfile’ not found
    Does not meet criteria

    Checking branch [8mha:////4JlPtSMw/qDUPHCcl8dyUJE4pfS0tnjZd9ORO65Lo9BYAAAAux+LCAAAAAAAAP9djLENwjAQRY8goKdErJC4owClQkggRTRMYJKTbbjYln0JYQ3WgIYhGIcdCKLjNf81/z3eMIoB5rqporNZ6Wx0hNn26jGQsee9Y1zk92d+868Ekh2MCa1iXcCwCcQwLU6ylYKkVeLAwVi16gLM/nLr335j8GOQAHS+lwnDRjP7uBRCGdbNsX/VojaqQaqdZXGRXGoykVPpfVq71mAkJysMggOiqLBFcv4DKXFRjcoAAAA=[0mdevelop
      ‘Jenkinsfile’ found
    Met criteria
Scheduled build for branch: develop

    Checking branch [8mha:////4IXv5SMEkT0J4zwlJBEmJsZg5EAzLfBT1ywDr5d5rNiAAAAAux+LCAAAAAAAAP9djLENwjAQRY8goKdErJC4owClQkggRTRMYJKTbXBs63wJYQ3WgIYhGIcdCKLjNf81/z3eMIoEc91U0bus9C56i9n2GpCscee9Z1zk92d+C68Ekh2MLTrFuoBhQ5ZhWpxkK4WVTokDk3Fq1RHM/nLr335j8GOQAHShlwnDRjOHuBRCGdbNsX/VojaqQVt7x+IiudTWRE5lCGntW4PRelkhCSZEEQgD+eoDL+v2TMoAAAA=[0mpreprod
      ‘Jenkinsfile’ not found
    Does not meet criteria

  3 branches were processed

  Checking pull-requests...

  0 pull requests were processed

Finished examining miguelmont/watchlist-app-moviesloader

[Wed Nov 02 04:55:16 UTC 2022] Finished branch indexing. Indexing took 1 sec
Finished: SUCCESS
