Started by user [8mha:////4OaAZWwgxEvLYja7E38eWQppF8zg49Ik+kqa96LV7+5DAAAAnB+LCAAAAAAAAP9b85aBtbiIQTGjNKU4P08vOT+vOD8nVc83PyU1x6OyILUoJzMv2y+/JJUBAhiZGBgqihhk0NSjKDWzXb3RdlLBUSYGJk8GtpzUvPSSDB8G5tKinBIGIZ+sxLJE/ZzEvHT94JKizLx0a6BxUmjGOUNodHsLgAyJEgYB/dLi1CL93Mz00tSc3Py8EgBBQjXqxQAAAA==[0mMIGUEL ANGEL MONT LUKACS
[Wed Nov 02 05:07:34 UTC 2022] Starting branch indexing...
[8mha:////4EJjcNaACsbjqOetVAlhm6XnS/anR10wluk/lkEwlqssAAAAhB+LCAAAAAAAAP9b85aBtbiIwSa/KF0vKzUvOzOvODlTryCnNB3I0kvPLMkoTYpPKkrMS86IL84vLUpO1XPPLPEoTXLOzyvOz0n1yy9JZYAARiYGRi8GzpLM3NTiksTcgooiBqmM0pTi/Dy9ZIhiPayaGCoKgHSL2Z6LWwGJJmFfjgAAAA==[0mConnecting to https://api.github.com using miguelmont/****** (github credentials)
Examining [8mha:////4B9Up85C8s2xfEGque0x5HFGe/t2YeMtCVSkGKilHSlNAAAAsB+LCAAAAAAAAP9djLENwjAQRY8gGIASITFBYomCApSKBqSIhglMsGzDxT7ZZwhrsAY0DME47EAQHa/5r/nv8YZBDDAx6RC9K2rvokdVrK+kAlp32npW8/L+LG/0yiDbwBCV02wq6KeADKPqKM9SoHRa7DhYp5dtgPFfbvXbbwx+9DKAljqZMswMM8WFENqySfvu1YjG6qSw8Y7FRXJt0EbOJVFOMkQVPmGo3NC3AAAA[0mmiguelmont/watchlist-app-parser

  Checking branches...

  Getting remote branches...

    Checking branch [8mha:////4Ibk2JU2uGWo/JI7UBkmrZfzyiPI7o/SIdQ6MglfT/dNAAAAtB+LCAAAAAAAAP9djLsRwjAQBQ/zKYCQoQX7MgLAEQnMeEioQJgbSaDfSGcwbdAGJBRBOfSAGTI2eZu8fbxhmCJMVXNI3hW1d8kbKtbXQNFod9p6pll5f5a38Mog28DIkJOsKug30TCMq6M4CzTCSdxx1E4u2giTv9zqt98Y/OhlAG3oZMCwVMwhzRGlZtXsu5dFq2VDxnrHeBFcK6MT5yKEPIiYKCJHIrRCuw/BfBwgwQAAAA==[0mmain

  Getting remote pull requests...
      ‘Jenkinsfile’ not found
    Does not meet criteria

    Checking branch [8mha:////4KPRAwJitejv5oxtX/vJ93XCCHBJoqH8tLzCdUekWM+yAAAAtx+LCAAAAAAAAP9djLENwjAQRY8goKdErJC4owBFFDQgRTRMYJKTbXDsk30JYQ3WgIYhGIcdCKLjNf81/z3eMIoB5rqpondZ6V30FrPtlTBY4857z7jI78/8Rq8Ekh2MLTrFuoBhEyzDtDjJVgornRIHDsapVRdg9pfb/PYbgx+DBKCjXiYMa81McSmEMqybY/+qRW1Ug7b2jsVFcqmtiZxKopRkiBgEB0RRYYvW0wcgoS82xAAAAA==[0mdevelop
      ‘Jenkinsfile’ found
    Met criteria
Scheduled build for branch: develop

    Checking branch [8mha:////4PTIOl+br+IvI3dpcEkF1s0qctHuftcz6nDpy2kzWndDAAAAtx+LCAAAAAAAAP9djL0NwjAQRo8goKdErADuKEARBQ1IiIYJTHKyDY59Ol/4WYM1oGEIxmEHgtLxmu8133t+oJcYxrYuUwzTIoYUPU7XN0L2Lpx2UXCWP175nd4ZZBvoewxG7Ba6NXuB4faoz1p5HYzaC7tgFleG0V9u1e4vBi2dDOBKjQwEllaE0lwp48TWh+ZVqcqZGn0Vg6iLlsJ6l2SiiSakOSErYURFjMSx/AImO4j3xAAAAA==[0mpreprod
      ‘Jenkinsfile’ not found
    Does not meet criteria

  3 branches were processed

  Checking pull-requests...

  0 pull requests were processed

Finished examining miguelmont/watchlist-app-parser

[Wed Nov 02 05:07:35 UTC 2022] Finished branch indexing. Indexing took 0.82 sec
Finished: SUCCESS
