Started at Sat Nov 05 06:38:54 UTC 2022
Processing ant-tester
Offering ant-tester to Project Build Discarder
ant-tester accepted by Project Build Discarder
Processing cont
Offering cont to Project Build Discarder
Processing das
Offering das to Project Build Discarder
Processing gcetest
Offering gcetest to Project Build Discarder
Processing json-test-01
Offering json-test-01 to Project Build Discarder
Processing json-test-02
Offering json-test-02 to Project Build Discarder
Processing mavenproject
Offering mavenproject to Project Build Discarder
Processing pipeline-job
Offering pipeline-job to Project Build Discarder
Processing pipeline1
Offering pipeline1 to Project Build Discarder
Processing pipeline2
Offering pipeline2 to Project Build Discarder
Processing test
Offering test to Project Build Discarder
Processing webdev/index
Offering webdev/index to Project Build Discarder
Processing watchlist-app/movies-store/develop
Offering watchlist-app/movies-store/develop to Project Build Discarder
Processing watchlist-app/movies-parser/develop
Offering watchlist-app/movies-parser/develop to Project Build Discarder
Processing watchlist-app/movies-marketplace/develop
Offering watchlist-app/movies-marketplace/develop to Project Build Discarder
Processing watchlist-app/movies-loader/develop
Offering watchlist-app/movies-loader/develop to Project Build Discarder
Processing Triggers/echo1
Offering Triggers/echo1 to Project Build Discarder
Processing Triggers/echo2
Offering Triggers/echo2 to Project Build Discarder
Processing Triggers/test-gce
Offering Triggers/test-gce to Project Build Discarder
Processing Testing-whit-Ant/ANT-TEST
Offering Testing-whit-Ant/ANT-TEST to Project Build Discarder
Processing sourced/copyone
Offering sourced/copyone to Project Build Discarder
Processing sourced/githubjob
Offering sourced/githubjob to Project Build Discarder
Processing sourced/scmjob
Offering sourced/scmjob to Project Build Discarder
Processing scripted/scripty
Offering scripted/scripty to Project Build Discarder
Processing Miguel stuff/Java build
Offering Miguel stuff/Java build to Project Build Discarder
Processing Miguel stuff/item1
Offering Miguel stuff/item1 to Project Build Discarder
Processing backend2/tomcat/tomcat
Offering backend2/tomcat/tomcat to Project Build Discarder
Processing backend/tomcat/tomcat
Offering backend/tomcat/tomcat to Project Build Discarder
Processing apple-clone/feature
Offering apple-clone/feature to Project Build Discarder
Processing apple-clone/main
Offering apple-clone/main to Project Build Discarder
Finished at Sat Nov 05 06:38:54 UTC 2022. 24ms
