Started at Fri Nov 04 20:40:30 UTC 2022
Checking ant-tester
Checking apple-clone
Checking cont
Checking das
Checking gcetest
Checking mavenproject
Checking multi-job
Checking pipeline-job
Checking pipeline1
Checking terraform-cloud-testing
Checking test
Checking tomcat
Checking webdev » index
Checking watchlist-app » movies-loader
Checking watchlist-app » movies-marketplace
Checking watchlist-app » movies-parser
Checking watchlist-app » movies-store
Checking watchlist-app » movies-store » develop
Checking watchlist-app » movies-parser » develop
Checking watchlist-app » movies-marketplace » develop
Checking watchlist-app » movies-loader » develop
Checking Triggers » echo1
Checking Triggers » echo2
Checking Triggers » test-gce
Checking Testing-whit-Ant » ANT-TEST
Checking sourced » copyone
Checking sourced » githubjob
Checking sourced » scmjob
Checking scripted » scripty
Checking Miguel stuff » Java build
Checking Miguel stuff » item1
Checking backend2 » tomcat » tomcat
Checking backend » tomcat » tomcat
Checking apple-clone » feature
Checking apple-clone » main
Finished at Fri Nov 04 20:40:30 UTC 2022. 21ms
