Started by user [8mha:////4OaAZWwgxEvLYja7E38eWQppF8zg49Ik+kqa96LV7+5DAAAAnB+LCAAAAAAAAP9b85aBtbiIQTGjNKU4P08vOT+vOD8nVc83PyU1x6OyILUoJzMv2y+/JJUBAhiZGBgqihhk0NSjKDWzXb3RdlLBUSYGJk8GtpzUvPSSDB8G5tKinBIGIZ+sxLJE/ZzEvHT94JKizLx0a6BxUmjGOUNodHsLgAyJEgYB/dLi1CL93Mz00tSc3Py8EgBBQjXqxQAAAA==[0mMIGUEL ANGEL MONT LUKACS
[Wed Nov 02 06:05:41 UTC 2022] Starting branch indexing...
[8mha:////4HgZkWNcD/bEZSepQl/mpGioVhdsDdF0nCXG9M/DmTgRAAAAhB+LCAAAAAAAAP9b85aBtbiIwSa/KF0vKzUvOzOvODlTryCnNB3I0kvPLMkoTYpPKkrMS86IL84vLUpO1XPPLPEoTXLOzyvOz0n1yy9JZYAARiYGRi8GzpLM3NTiksTcgooiBqmM0pTi/Dy9ZIhiPayaGCoKgHSL2Sc2QQBqsqc6jgAAAA==[0mConnecting to https://api.github.com using miguelmont/****** (github credentials)
Examining [8mha:////4DPL3rCPsfYKleZND9L4d359I5uPpPAjZm0nFwS3/y3mAAAArx+LCAAAAAAAAP9djLENwjAQRY8gGIASITZILBoKUCoakCIaJjDBsg2Xs2WfIazBGtAwBOOwA0F0vOa/5r/HGwYxwMSkQ3RU1I6iQ1Wsr14FtHTaOlbz8v4sb/6VQbaBISrSbCrop4AMo+ooz1KgJC12HCzpZRtg/Jdb/fYbgx+9DKD1nUwZZobZx4UQ2rJJ++7ViMbqpLBxxOIiuTZoI+fS+zyyC+oDvaast7YAAAA=[0mmiguelmont/watchlist-app-store

  Checking branches...

  Getting remote branches...

    Checking branch [8mha:////4CK6QtHtsSFziIdLPn+A0xRuzYT6cj9yvV1zwKKdXSZaAAAAtB+LCAAAAAAAAP9djL0NwjAQRo/wMwAlYoXkOgqiVDQgRTRMYIJlG+yzZV8grMEa0DAE47ADQXS85nvN9x5vGKcIc90ekqei8ZS8lcX6GmS0hk5bz3JR3Z/VLbwyyDYwsZIU6xqGbbQM0/oozgKtIIU7joZU2UWY/eVWv/3G4McgA+hCLyOGUjOHtERUhnW7718OnVGttM4T40Vwo61JnIsQ8sQ+SuQoJTph6APlXNpawAAAAA==[0mmain

  Getting remote pull requests...
      ‘Jenkinsfile’ not found
    Does not meet criteria

    Checking branch [8mha:////4I2NEwgI/CxPy8lSBbcQAATISoCUd63AX9yxpb4dksHYAAAAth+LCAAAAAAAAP9djLENwjAQRY8goKdErJBcRwEKDQ1IEQ0TmORkGxzbsi8hrMEa0DAE47ADQXS85r/mv8cbRjHAXDVVdDYrnY3OULa9egpG2/PeMS3y+zO/+VcCyQ7GhqxkVcCwCYZhWpxEK9AIK/HAQVu56gLM/nKb335j8GOQAHS+lwnDWjH7uESUmlVz7F811lo2ZGpnGS+CS2V05FR4n0Z2gZADEVbUknH+A9pmQPvDAAAA[0mdevelop
      ‘Jenkinsfile’ found
    Met criteria
No changes detected: develop (still at cd83701cba7dfc4007688241d18299e283019f06)

    Checking branch [8mha:////4FCg3pgfyEHKx5JPK41MBYyCRG/8CyK6dXbTfw5c4qCyAAAAth+LCAAAAAAAAP9djLENwjAQRY8goKdErJC4owCFhgakiIYJTHKyDY5tnS8Q1mANaBiCcdiBoHS85r/mv+cHRpFgrpsqepeV3kVvMdveApI17rz3jIv88crv4Z1AsoOxRadYFzBsyDJMi5O8SGGlU+LAZJxatQSzv9ym318MegYJQBs6mTCsNXOISyGUYd0cu1ctaqMatLV3LK6SS21N5FSGkEb2hIIJUQTCQL76Atz85zrDAAAA[0mpreprod
      ‘Jenkinsfile’ not found
    Does not meet criteria

  3 branches were processed

  Checking pull-requests...

  0 pull requests were processed

Finished examining miguelmont/watchlist-app-store

[Wed Nov 02 06:05:42 UTC 2022] Finished branch indexing. Indexing took 0.71 sec
Finished: SUCCESS
