Started by user [8mha:////4OaAZWwgxEvLYja7E38eWQppF8zg49Ik+kqa96LV7+5DAAAAnB+LCAAAAAAAAP9b85aBtbiIQTGjNKU4P08vOT+vOD8nVc83PyU1x6OyILUoJzMv2y+/JJUBAhiZGBgqihhk0NSjKDWzXb3RdlLBUSYGJk8GtpzUvPSSDB8G5tKinBIGIZ+sxLJE/ZzEvHT94JKizLx0a6BxUmjGOUNodHsLgAyJEgYB/dLi1CL93Mz00tSc3Py8EgBBQjXqxQAAAA==[0mMIGUEL ANGEL MONT LUKACS
[Wed Nov 02 06:23:34 UTC 2022] Starting branch indexing...
[8mha:////4LUfpBR/xwI+1WNGAeetDjCf9m+duB+jo3yuH3fy4v5RAAAAhB+LCAAAAAAAAP9b85aBtbiIwSa/KF0vKzUvOzOvODlTryCnNB3I0kvPLMkoTYpPKkrMS86IL84vLUpO1XPPLPEoTXLOzyvOz0n1yy9JZYAARiYGRi8GzpLM3NTiksTcgooiBqmM0pTi/Dy9ZIhiPayaGCoKgHSLOVPaJgAqP/0djgAAAA==[0mConnecting to https://api.github.com using miguelmont/****** (github credentials)
Examining [8mha:////4FNU9MYUs/A60lEEMsJzFdrDI+kUsm09HiKOESpSsYQbAAAAsx+LCAAAAAAAAP9djLsNwjAURR9BMAAloqRN3IEESkUDUkTDBCZYtsnzR/YzhDVYAxqGYBx2ICgdp7mnuef5gVEMMFPpFJ0tamejQ1Fsb14E1LbZOxKL8vEq7/6dQbaDMQorSVUwTAEJJtWZXzhDbiU7UNBWrtsA07/cpt9fDHoGGUDrO5kTLBWRjyvGpCaVjt3LMKNlEmicJXblVCvUkXLufW54aAR55LX4ArPEVgu8AAAA[0mmiguelmont/watchlist-app-marketplace

  Checking branches...

  Getting remote branches...

    Checking branch [8mha:////4EmwOLCxdWTz1hxvKOVOuO6McXWkkQkcawcdauRHIYwvAAAAuB+LCAAAAAAAAP9djLsNwjAURR/hMwAlYoXEHQUoBaIBKaJhAhOebBP/ZD9DWIM1oGEIxmEHgtJxmnuae54fGMcAc5lO0dmidjY6jcX25jFoZZu9I1yUj1d59+8Msh1MNFpBsoJhCppgWp35hTPNrWAHCsqKVRtg9pfb9PuLQc8gA2h9JyOCtSTyccmYUCTTsXsZZpRIqI2zxK6caqlVpJx7nxseGiSveY2MAiIzXNkvSO4wRcYAAAA=[0mmain

  Getting remote pull requests...
      ‘Jenkinsfile’ not found
    Does not meet criteria

    Checking branch [8mha:////4LTZc6Y1rci5Zr/i3SAcz73dkbepDAVkTCRiNh0XPTJ4AAAAuh+LCAAAAAAAAP9djD0SAUEQRtsq5ELlCmsyAbURAVVK4gRjt2tmbM9PzfQuruEaJA7hOO6A2sxLvpd87/GGQYow1U2VvJuV3iVPONtcA0Yyrt57xnlxfxa38Mog28KQ0CnWO+g3kRjGu5NspSDplDhwNE4tLxEmf7lVt78YdPQygEv4yohhrZlDWgihDOvm+H1ZYY1qkKx3LM6SS00mcS5DyK2MNXIgWaLgiCgqbJF8+ACVLGexyQAAAA==[0mdevelop
      ‘Jenkinsfile’ found
    Met criteria
No changes detected: develop (still at 211ad1363488c9f65d547b907a03c321a01fd0ae)

    Checking branch [8mha:////4KQZvLqgYsT8GPlvWbFXKTo4s7DuUWVLrEWQMWc3HVG0AAAAuR+LCAAAAAAAAP9djDESAUEQRdsq5ELlCruTCSgRAVVbEicYq2tmmJ3p6ullXcM1SBzCcdwBJfOS/5L/7i/oJYaxbfYphqKKIUWPxepCyN6F4yYKTua3x/xKzwyyNfQ9BiO2hG7DXmBYHvRJK6+DUVthF8ysZRj95Ra//cbgRycDaOkjA4GlFaE0Vco4sc3u86pV7UyDvo5B1FlLZb1LkmuivNZ8RCGvK1TCiIoYieP+DZO2wHDJAAAA[0mpreprod
      ‘Jenkinsfile’ not found
    Does not meet criteria

  3 branches were processed

  Checking pull-requests...

  0 pull requests were processed

Finished examining miguelmont/watchlist-app-marketplace

[Wed Nov 02 06:23:35 UTC 2022] Finished branch indexing. Indexing took 0.89 sec
Finished: SUCCESS
