Started by user [8mha:////4OaAZWwgxEvLYja7E38eWQppF8zg49Ik+kqa96LV7+5DAAAAnB+LCAAAAAAAAP9b85aBtbiIQTGjNKU4P08vOT+vOD8nVc83PyU1x6OyILUoJzMv2y+/JJUBAhiZGBgqihhk0NSjKDWzXb3RdlLBUSYGJk8GtpzUvPSSDB8G5tKinBIGIZ+sxLJE/ZzEvHT94JKizLx0a6BxUmjGOUNodHsLgAyJEgYB/dLi1CL93Mz00tSc3Py8EgBBQjXqxQAAAA==[0mMIGUEL ANGEL MONT LUKACS
[Fri Nov 04 08:10:18 UTC 2022] Starting branch indexing...
[8mha:////4GFtjSlTbxluq6apORLwk7aZk95mq9qKz5uskLEtt9obAAAAhB+LCAAAAAAAAP9b85aBtbiIwSa/KF0vKzUvOzOvODlTryCnNB3I0kvPLMkoTYpPKkrMS86IL84vLUpO1XPPLPEoTXLOzyvOz0n1yy9JZYAARiYGRi8GzpLM3NTiksTcgooiBqmM0pTi/Dy9ZIhiPayaGCoKgHSL44ardQD0mUnIjgAAAA==[0mConnecting to https://api.github.com using miguelmont/****** (github credentials)
Examining [8mha:////4NA8JqSeTfaLkr8qut0os7ljZ8Q9FWiY645eb8Zvsrt4AAAAqR+LCAAAAAAAAP9b85aBtbiIQSajNKU4P08vOT+vOD8nVc+jsiC1KCczL9svvyTVzHb1RttJBUeZGJg8GdhyUvPSSzJ8GJhLi3JKGIR8shLLEvVzEvPS9YNLijLz0q0rihik0IxzhtAgwxgggJGJgaGiAMgQK2HQzCgpKSi20tdPzyzJKE0C6srVz81ML03Nyc3PK9FPLCjISdVNzsnPSwUAGTPld64AAAA=[0mmiguelmont/apple-clone

  Checking branches...

  Getting remote branches...

    Checking branch [8mha:////4PDx4INZ6Lhb25WtY5UPBt1086Mj5oVx6Xh3X3C/2kyZAAAArx+LCAAAAAAAAP9djL0NwjAQRo/wMwAlYgXiAokClIoGpIiGCUw42Qb7bNlnFNZgDWgYgnHYgSA6XvO95nuPNwxThKnOx+SpbDwlb7HcXANGa+i884yL6v6sbuFVQLGFkUVSrGvo52gZxvVJXqSwkpTYczSkVm2EyV9u/dtvDH70CoA2dDJgmGvmkJZCKMM6H7qXE86ojNZ5YiFDsDhrrCcUHBGFk4Y+CmadZLgAAAA=[0mmain
      ‘Jenkinsfile’ found
    Met criteria
Changes detected: main (01716dbe9f7e75ef7a56a9b1eaf84f9f37f3a638 → 4615710bbc6313c2808a488df0b169333a9c0019)
Scheduled build for branch: main

    Checking branch [8mha:////4NH/DXGaaNkc7wkVmYUHNCh2uLFFih4L3eFJCqAjszf6AAAAsB+LCAAAAAAAAP9djLENwjAQRY8goKdErEDcpQClogEpomECEw7b4Jwt+4zCGqwBDUMwDjsQlI7X/Nf89/zAKAaY63SMjvLaUXQW883NY7CGLjvHWJSPV3n37wyyLYwtkmJdwTAFyzCtzvIqhZWkxJ6DIbVqA8z+cut+fzHoGWQAre9kwlBoZh+XQijDOh26VyMaoxLaxhEL6b3FRW0doeCAKE4oOQX8AlPeIt67AAAA[0mfeature
      ‘Jenkinsfile’ found
    Met criteria
No changes detected: feature (still at 187128ad7349519cd79460420f861d53c471abbe)

  2 branches were processed

  Checking pull-requests...

  Getting remote pull requests...

  0 pull requests were processed

Finished examining miguelmont/apple-clone

[Fri Nov 04 08:10:19 UTC 2022] Finished branch indexing. Indexing took 0.86 sec
Finished: SUCCESS
